<?xml version="1.0" encoding="UTF-8"?>
<testng-results ignored="0" total="1" passed="1" failed="0" skipped="0">
  <reporter-output>
  </reporter-output>
  <suite started-at="2025-09-05T13:39:56 GMT-05:00" name="Default suite" finished-at="2025-09-05T13:40:06 GMT-05:00" duration-ms="9703">
    <groups>
    </groups>
    <test started-at="2025-09-05T13:39:56 GMT-05:00" name="Default test" finished-at="2025-09-05T13:40:06 GMT-05:00" duration-ms="9703">
      <class name="test3sep2025.test3sep2025">
        <test-method signature="test1()[pri:0, instance:test3sep2025.test3sep2025@77102b91]" started-at="2025-09-05T13:39:56 GMT-05:00" name="test1" finished-at="2025-09-05T13:40:06 GMT-05:00" duration-ms="9683" status="PASS">
          <reporter-output>
          </reporter-output>
        </test-method> <!-- test1 -->
      </class> <!-- test3sep2025.test3sep2025 -->
    </test> <!-- Default test -->
  </suite> <!-- Default suite -->
</testng-results>
